Построение начато 17.12.2012 1:36:13.
     1>Проект "C:\Users\Dmitry\documents\visual studio 2010\Projects\16\16\16.vcxproj" в узле 2 (целевые объекты build).
     1>InitializeBuildStatus:
         Создание "Release\16.unsuccessfulbuild", так как было задано "AlwaysCreate".
       ClCompile:
         C:\Program Files (x86)\Microsoft Visual Studio 10.0\VC\bin\CL.exe /c /Zi /nologo /W3 /WX- /O2 /Oi /Oy- /GL /D WIN32 /D NDEBUG /D _CONSOLE /D _UNICODE /D UNICODE /Gm- /EHsc /MD /GS /Gy /fp:precise /Zc:wchar_t /Zc:forScope /Fo"Release\\" /Fd"Release\vc100.pdb" /Gd /TP /analyze- /errorReport:prompt main.cpp
         main.cpp
       ResourceCompile:
         Для всех выходных данных обновления не требуется.
       Link:
         C:\Program Files (x86)\Microsoft Visual Studio 10.0\VC\bin\link.exe /ERRORREPORT:PROMPT /OUT:"C:\Users\Dmitry\documents\visual studio 2010\Projects\16\Release\16.exe" /INCREMENTAL:NO /NOLOGO kernel32.lib user32.lib gdi32.lib winspool.lib comdlg32.lib advapi32.lib shell32.lib ole32.lib oleaut32.lib uuid.lib odbc32.lib odbccp32.lib /MANIFEST /ManifestFile:"Release\16.exe.intermediate.manifest" /MANIFESTUAC:"level='asInvoker' uiAccess='false'" /DEBUG /PDB:"C:\Users\Dmitry\documents\visual studio 2010\Projects\16\Release\16.pdb" /SUBSYSTEM:CONSOLE /OPT:REF /OPT:ICF /LTCG /TLBID:1 /DYNAMICBASE /NXCOMPAT /IMPLIB:"C:\Users\Dmitry\documents\visual studio 2010\Projects\16\Release\16.lib" /MACHINE:X86 Release\resources.res
         Release\main.obj
         Создание кода
         Создание кода завершено
         16.vcxproj -> C:\Users\Dmitry\documents\visual studio 2010\Projects\16\Release\16.exe
       Manifest:
         C:\Program Files (x86)\Microsoft SDKs\Windows\v7.0A\bin\mt.exe /nologo /verbose /outputresource:"C:\Users\Dmitry\documents\visual studio 2010\Projects\16\Release\16.exe;#1" /manifest Release\16.exe.intermediate.manifest
       FinalizeBuildStatus:
         Файл "Release\16.unsuccessfulbuild" удаляется.
         Обращение к "Release\16.lastbuildstate".
     1>Построение проекта "C:\Users\Dmitry\documents\visual studio 2010\Projects\16\16\16.vcxproj" завершено (целевые объекты build).

Построение успешно завершено.

Затраченное время: 00:00:02.49
