Построение начато 16.12.2012 23:20:37.
     1>Проект "C:\Users\Dmitry\documents\visual studio 2010\Projects\16\16\16.vcxproj" в узле 2 (целевые объекты build).
     1>PrepareForBuild:
         Создание каталога "C:\Users\Dmitry\documents\visual studio 2010\Projects\16\Debug\".
       InitializeBuildStatus:
         Создание "Debug\16.unsuccessfulbuild", так как было задано "AlwaysCreate".
       ClCompile:
         C:\Program Files (x86)\Microsoft Visual Studio 10.0\VC\bin\CL.exe /c /ZI /nologo /W3 /WX- /Od /Oy- /D WIN32 /D _DEBUG /D _CONSOLE /D _UNICODE /D UNICODE /Gm /EHsc /RTC1 /MDd /GS /fp:precise /Zc:wchar_t /Zc:forScope /Fo"Debug\\" /Fd"Debug\vc100.pdb" /Gd /TC /analyze- /errorReport:prompt main.cpp
         main.cpp
     1>c:\users\dmitry\documents\visual studio 2010\projects\16\16\main.cpp(25): warning C4133: функция: несовместимые типы - из "char [8]" в "LPCWSTR"
       ManifestResourceCompile:
         C:\Program Files (x86)\Microsoft SDKs\Windows\v7.0A\bin\rc.exe /nologo /fo"Debug\16.exe.embed.manifest.res" Debug\16_manifest.rc 
       Link:
         C:\Program Files (x86)\Microsoft Visual Studio 10.0\VC\bin\link.exe /ERRORREPORT:PROMPT /OUT:"C:\Users\Dmitry\documents\visual studio 2010\Projects\16\Debug\16.exe" /INCREMENTAL /NOLOGO kernel32.lib user32.lib gdi32.lib winspool.lib comdlg32.lib advapi32.lib shell32.lib ole32.lib oleaut32.lib uuid.lib odbc32.lib odbccp32.lib /MANIFEST /ManifestFile:"Debug\16.exe.intermediate.manifest" /MANIFESTUAC:"level='asInvoker' uiAccess='false'" /DEBUG /PDB:"C:\Users\Dmitry\documents\visual studio 2010\Projects\16\Debug\16.pdb" /SUBSYSTEM:CONSOLE /TLBID:1 /DYNAMICBASE /NXCOMPAT /IMPLIB:"C:\Users\Dmitry\documents\visual studio 2010\Projects\16\Debug\16.lib" /MACHINE:X86 Debug\16.exe.embed.manifest.res
         Debug\main.obj
       Manifest:
         C:\Program Files (x86)\Microsoft SDKs\Windows\v7.0A\bin\mt.exe /nologo /verbose /out:"Debug\16.exe.embed.manifest" /manifest Debug\16.exe.intermediate.manifest
         C:\Program Files (x86)\Microsoft SDKs\Windows\v7.0A\bin\rc.exe /nologo /fo"Debug\16.exe.embed.manifest.res" Debug\16_manifest.rc 
       LinkEmbedManifest:
         C:\Program Files (x86)\Microsoft Visual Studio 10.0\VC\bin\link.exe /ERRORREPORT:PROMPT /OUT:"C:\Users\Dmitry\documents\visual studio 2010\Projects\16\Debug\16.exe" /INCREMENTAL /NOLOGO kernel32.lib user32.lib gdi32.lib winspool.lib comdlg32.lib advapi32.lib shell32.lib ole32.lib oleaut32.lib uuid.lib odbc32.lib odbccp32.lib /MANIFEST /ManifestFile:"Debug\16.exe.intermediate.manifest" /MANIFESTUAC:"level='asInvoker' uiAccess='false'" /DEBUG /PDB:"C:\Users\Dmitry\documents\visual studio 2010\Projects\16\Debug\16.pdb" /SUBSYSTEM:CONSOLE /TLBID:1 /DYNAMICBASE /NXCOMPAT /IMPLIB:"C:\Users\Dmitry\documents\visual studio 2010\Projects\16\Debug\16.lib" /MACHINE:X86 Debug\16.exe.embed.manifest.res
         Debug\main.obj
         16.vcxproj -> C:\Users\Dmitry\documents\visual studio 2010\Projects\16\Debug\16.exe
       FinalizeBuildStatus:
         Файл "Debug\16.unsuccessfulbuild" удаляется.
         Обращение к "Debug\16.lastbuildstate".
     1>Построение проекта "C:\Users\Dmitry\documents\visual studio 2010\Projects\16\16\16.vcxproj" завершено (целевые объекты build).

Построение успешно завершено.

Затраченное время: 00:00:03.90
